[INFO] Scanning for projects...
[INFO] 
[INFO] --------------------< com.myportfolioRC:portfolio >---------------------
[INFO] Building PortfolioWebsite 0.0.1-SNAPSHOT
[INFO]   from pom.xml
[INFO] --------------------------------[ jar ]---------------------------------
[INFO] 
[INFO] >>> spring-boot:3.4.2:run (default-cli) > test-compile @ portfolio >>>
[INFO] 
[INFO] --- resources:3.3.1:resources (default-resources) @ portfolio ---
[INFO] Copying 1 resource from src/main/resources to target/classes
[INFO] Copying 3 resources from src/main/resources to target/classes
[INFO] 
[INFO] --- compiler:3.8.1:compile (default-compile) @ portfolio ---
[INFO] Nothing to compile - all classes are up to date
[INFO] 
[INFO] --- resources:3.3.1:testResources (default-testResources) @ portfolio ---
[INFO] skip non existing resourceDirectory /Users/robinconverse/Downloads/~:Projects:PortfolioWebsite/src/test/resources
[INFO] 
[INFO] --- compiler:3.8.1:testCompile (default-testCompile) @ portfolio ---
[INFO] Nothing to compile - all classes are up to date
[INFO] 
[INFO] <<< spring-boot:3.4.2:run (default-cli) < test-compile @ portfolio <<<
[INFO] 
[INFO] 
[INFO] --- spring-boot:3.4.2:run (default-cli) @ portfolio ---
[INFO] Attaching agents: []
Error: Could not find or load main class com.myportfolioRC.portfolio.PortfolioWebsiteApplication
Caused by: java.lang.ClassNotFoundException: com.myportfolioRC.portfolio.PortfolioWebsiteApplication
[INFO] ------------------------------------------------------------------------
[INFO] BUILD FAILURE
[INFO] ------------------------------------------------------------------------
[INFO] Total time:  0.899 s
[INFO] Finished at: 2025-02-18T20:11:35-05:00
[INFO] ------------------------------------------------------------------------
[ERROR] Failed to execute goal org.springframework.boot:spring-boot-maven-plugin:3.4.2:run (default-cli) on project portfolio: Process terminated with exit code: 1 -> [Help 1]
[ERROR] 
[ERROR] To see the full stack trace of the errors, re-run Maven with the -e switch.
[ERROR] Re-run Maven using the -X switch to enable full debug logging.
[ERROR] 
[ERROR] For more information about the errors and possible solutions, please read the following articles:
[ERROR] [Help 1] http://cwiki.apache.org/confluence/display/MAVEN/MojoExecutionException
